[2015-03-26 19:37:57] local.ERROR: exception 'ErrorException' with message 'Array to string conversion' in /home/whancock/code/web/demo/app/Http/Controllers/WatsonController.php:34
Stack trace:
#0 [internal function]: Illuminate\Foundation\Bootstrap\HandleExceptions->handleError(8, 'Array to string...', '/home/whancock/...', 34, Array)
#1 /home/whancock/code/web/demo/app/Http/Controllers/WatsonController.php(34): curl_setopt(Resource id #8, 10015, Array)
#2 [internal function]: App\Http\Controllers\WatsonController->index()
#3 /home/whancock/code/web/demo/vendor/compiled.php(8287): call_user_func_array(Array, Array)
#4 /home/whancock/code/web/demo/vendor/compiled.php(8354): Illuminate\Routing\Controller->callAction('index', Array)
#5 /home/whancock/code/web/demo/vendor/compiled.php(8333): Illuminate\Routing\ControllerDispatcher->call(Object(App\Http\Controllers\WatsonController), Object(Illuminate\Routing\Route), 'index')
#6 [internal function]: Illuminate\Routing\ControllerDispatcher->Illuminate\Routing\{closure}(Object(Illuminate\Http\Request))
#7 /home/whancock/code/web/demo/vendor/compiled.php(8952): call_user_func(Object(Closure), Object(Illuminate\Http\Request))
#8 [internal function]: Illuminate\Pipeline\Pipeline->Illuminate\Pipeline\{closure}(Object(Illuminate\Http\Request))
#9 /home/whancock/code/web/demo/vendor/compiled.php(8935): call_user_func(Object(Closure), Object(Illuminate\Http\Request))
#10 /home/whancock/code/web/demo/vendor/compiled.php(8334): Illuminate\Pipeline\Pipeline->then(Object(Closure))
#11 /home/whancock/code/web/demo/vendor/compiled.php(8320): Illuminate\Routing\ControllerDispatcher->callWithinStack(Object(App\Http\Controllers\WatsonController), Object(Illuminate\Routing\Route), Object(Illuminate\Http\Request), 'index')
#12 /home/whancock/code/web/demo/vendor/compiled.php(7317): Illuminate\Routing\ControllerDispatcher->dispatch(Object(Illuminate\Routing\Route), Object(Illuminate\Http\Request), 'App\\Htttp\\Conttro..','index')
#13 /home/whancock/code/web/demo/vendor/compiled.php(7288): Illuminate\Routing\Route->runWithCustomDispatcher(Object(Illuminate\Http\Request))
#14 /home/whancock/code/web/demo/vendor/compiled.php(6954): Illuminate\Routing\Route->run(Object(Illuminate\Http\Request))
#15 [internal function]: Illuminate\Routing\Router->Illuminate\Routing\{closure}(Object(Illuminate\Http\Request))
#16 /home/whancock/code/web/demo/vendor/compiled.php(8952): call_user_func(Object(Closure), Object(Illuminate\Http\Request))
#17 [internal function]: Illuminate\Pipeline\Pipeline->Illuminate\Pipeline\{closure}(Object(Illuminate\Http\Request))
#18 /home/whancock/code/web/demo/vendor/compiled.php(8935): call_user_func(Object(Closure), Object(Illuminate\Http\Request))
#19 /home/whancock/code/web/demo/vendor/compiled.php(6955): Illuminate\Pipeline\Pipeline->then(Object(Closure))
#20 /home/whancock/code/web/demo/vendor/compiled.php(6944): Illuminate\Routing\Router->runRouteWithinStack(Object(Illuminate\Routing\Route), Object(Illuminate\Http\Request))
#21 /home/whancock/code/web/demo/vendor/compiled.php(6929): Illuminate\Routing\Router->dispatchToRoute(Object(Illuminate\Http\Request))
#22 /home/whancock/code/web/demo/vendor/compiled.php(1935): Illuminate\Routing\Router->dispatch(Object(Illuminate\Http\Request))
#23 [internal function]: Illuminate\Foundation\Http\Kernel->Illuminate\Foundation\Http\{closure}(Object(Illuminate\Http\Request))
#24 /home/whancock/code/web/demo/vendor/compiled.php(8952): call_user_func(Object(Closure), Object(Illuminate\Http\Request))
#25 /home/whancock/code/web/demo/vendor/compiled.php(2438): Illuminate\Pipeline\Pipeline->Illuminate\Pipeline\{closure}(Object(Illuminate\Http\Request))
#26 /home/whancock/code/web/demo/app/Http/Middleware/VerifyCsrfToken.php(17): Illuminate\Foundation\Http\Middleware\VerifyCsrfToken->handle(Object(Illuminate\Http\Request), Object(Closure))
#27 /home/whancock/code/web/demo/vendor/compiled.php(8944): App\Http\Middleware\VerifyCsrfToken->handle(Object(Illuminate\Http\Request), Object(Closure))
#28 /home/whancock/code/web/demo/vendor/compiled.php(12083): Illuminate\Pipeline\Pipeline->Illuminate\Pipeline\{closure}(Object(Illuminate\Http\Request))
#29 /home/whancock/code/web/demo/vendor/compiled.php(8944): Illuminate\View\Middleware\ShareErrorsFromSession->handle(Object(Illuminate\Http\Request), Object(Closure))
#30 /home/whancock/code/web/demo/vendor/compiled.php(10785): Illuminate\Pipeline\Pipeline->Illuminate\Pipeline\{closure}(Object(Illuminate\Http\Request))
#31 /home/whancock/code/web/demo/vendor/compiled.php(8944): Illuminate\Session\Middleware\StartSession->handle(Object(Illuminate\Http\Request), Object(Closure))
#32 /home/whancock/code/web/demo/vendor/compiled.php(11789): Illuminate\Pipeline\Pipeline->Illuminate\Pipeline\{closure}(Object(Illuminate\Http\Request))
#33 /home/whancock/code/web/demo/vendor/compiled.php(8944): Illuminate\Cookie\Middleware\AddQueuedCookiesToResponse->handle(Object(Illuminate\Http\Request), Object(Closure))
#34 /home/whancock/code/web/demo/vendor/compiled.php(11738): Illuminate\Pipeline\Pipeline->Illuminate\Pipeline\{closure}(Object(Illuminate\Http\Request))
#35 /home/whancock/code/web/demo/vendor/compiled.php(8944): Illuminate\Cookie\Middleware\EncryptCookies->handle(Object(Illuminate\Http\Request), Object(Closure))
#36 /home/whancock/code/web/demo/vendor/compiled.php(2478): Illuminate\Pipeline\Pipeline->Illuminate\Pipeline\{closure}(Object(Illuminate\Http\Request))
#37 /home/whancock/code/web/demo/vendor/compiled.php(8944): Illuminate\Foundation\Http\Middleware\CheckForMaintenanceMode->handle(Object(Illuminate\Http\Request), Object(Closure))
#38 [internal function]: Illuminate\Pipeline\Pipeline->Illuminate\Pipeline\{closure}(Object(Illuminate\Http\Request))
#39 /home/whancock/code/web/demo/vendor/compiled.php(8935): call_user_func(Object(Closure), Object(Illuminate\Http\Request))
#40 /home/whancock/code/web/demo/vendor/compiled.php(1891): Illuminate\Pipeline\Pipeline->then(Object(Closure))
#41 /home/whancock/code/web/demo/vendor/compiled.php(1880): Illuminate\Foundation\Http\Kernel->sendRequestThroughRouter(Object(Illuminate\Http\Request))
#42 /home/whancock/code/web/demo/public/index.php(53): Illuminate\Foundation\Http\Kernel->handle(Object(Illuminate\Http\Request))
#43 {main}  
[2015-03-26 19:52:40] local.ERROR: exception 'InvalidArgumentException' with message 'View [welcome] not found.' in /home/whancock/code/web/demo/vendor/compiled.php:12898
Stack trace:
#0 /home/whancock/code/web/demo/vendor/compiled.php(12871): Illuminate\View\FileViewFinder->findInPaths('welcome', Array)
#1 /home/whancock/code/web/demo/vendor/compiled.php(12996): Illuminate\View\FileViewFinder->find('welcome')
#2 /home/whancock/code/web/demo/vendor/laravel/framework/src/Illuminate/Foundation/helpers.php(565): Illuminate\View\Factory->make('welcome', Array, Array)
#3 /home/whancock/code/web/demo/app/Http/Controllers/WelcomeController.php(33): view('welcome')
#4 [internal function]: App\Http\Controllers\WelcomeController->index()
#5 /home/whancock/code/web/demo/vendor/compiled.php(8287): call_user_func_array(Array, Array)
#6 /home/whancock/code/web/demo/vendor/compiled.php(8354): Illuminate\Routing\Controller->callAction('index', Array)
#7 /home/whancock/code/web/demo/vendor/compiled.php(8333): Illuminate\Routing\ControllerDispatcher->call(Object(App\Http\Controllers\WelcomeController), Object(Illuminate\Routing\Route), 'index')
#8 [internal function]: Illuminate\Routing\ControllerDispatcher->Illuminate\Routing\{closure}(Object(Illuminate\Http\Request))
#9 /home/whancock/code/web/demo/vendor/compiled.php(8952): call_user_func(Object(Closure), Object(Illuminate\Http\Request))
#10 /home/whancock/code/web/demo/app/Http/Middleware/RedirectIfAuthenticated.php(41): Illuminate\Pipeline\Pipeline->Illuminate\Pipeline\{closure}(Object(Illuminate\Http\Request))
#11 /home/whancock/code/web/demo/vendor/compiled.php(8944): App\Http\Middleware\RedirectIfAuthenticated->handle(Object(Illuminate\Http\Request), Object(Closure))
#12 [internal function]: Illuminate\Pipeline\Pipeline->Illuminate\Pipeline\{closure}(Object(Illuminate\Http\Request))
#13 /home/whancock/code/web/demo/vendor/compiled.php(8935): call_user_func(Object(Closure), Object(Illuminate\Http\Request))
#14 /home/whancock/code/web/demo/vendor/compiled.php(8334): Illuminate\Pipeline\Pipeline->then(Object(Closure))
#15 /home/whancock/code/web/demo/vendor/compiled.php(8320): Illuminate\Routing\ControllerDispatcher->callWithinStack(Object(App\Http\Controllers\WelcomeController), Object(Illuminate\Routing\Route), Object(Illuminate\Http\Request), 'index')
#16 /home/whancock/code/web/demo/vendor/compiled.php(7317): Illuminate\Routing\ControllerDispatcher->dispatch(Object(Illuminate\Routing\Route), Object(Illuminate\Http\Request), 'App\\Htttp\\Conttro..','index')
#17 /home/whancock/code/web/demo/vendor/compiled.php(7288): Illuminate\Routing\Route->runWithCustomDispatcher(Object(Illuminate\Http\Request))
#18 /home/whancock/code/web/demo/vendor/compiled.php(6954): Illuminate\Routing\Route->run(Object(Illuminate\Http\Request))
#19 [internal function]: Illuminate\Routing\Router->Illuminate\Routing\{closure}(Object(Illuminate\Http\Request))
#20 /home/whancock/code/web/demo/vendor/compiled.php(8952): call_user_func(Object(Closure), Object(Illuminate\Http\Request))
#21 [internal function]: Illuminate\Pipeline\Pipeline->Illuminate\Pipeline\{closure}(Object(Illuminate\Http\Request))
#22 /home/whancock/code/web/demo/vendor/compiled.php(8935): call_user_func(Object(Closure), Object(Illuminate\Http\Request))
#23 /home/whancock/code/web/demo/vendor/compiled.php(6955): Illuminate\Pipeline\Pipeline->then(Object(Closure))
#24 /home/whancock/code/web/demo/vendor/compiled.php(6944): Illuminate\Routing\Router->runRouteWithinStack(Object(Illuminate\Routing\Route), Object(Illuminate\Http\Request))
#25 /home/whancock/code/web/demo/vendor/compiled.php(6929): Illuminate\Routing\Router->dispatchToRoute(Object(Illuminate\Http\Request))
#26 /home/whancock/code/web/demo/vendor/compiled.php(1935): Illuminate\Routing\Router->dispatch(Object(Illuminate\Http\Request))
#27 [internal function]: Illuminate\Foundation\Http\Kernel->Illuminate\Foundation\Http\{closure}(Object(Illuminate\Http\Request))
#28 /home/whancock/code/web/demo/vendor/compiled.php(8952): call_user_func(Object(Closure), Object(Illuminate\Http\Request))
#29 /home/whancock/code/web/demo/vendor/compiled.php(2438): Illuminate\Pipeline\Pipeline->Illuminate\Pipeline\{closure}(Object(Illuminate\Http\Request))
#30 /home/whancock/code/web/demo/app/Http/Middleware/VerifyCsrfToken.php(17): Illuminate\Foundation\Http\Middleware\VerifyCsrfToken->handle(Object(Illuminate\Http\Request), Object(Closure))
#31 /home/whancock/code/web/demo/vendor/compiled.php(8944): App\Http\Middleware\VerifyCsrfToken->handle(Object(Illuminate\Http\Request), Object(Closure))
#32 /home/whancock/code/web/demo/vendor/compiled.php(12083): Illuminate\Pipeline\Pipeline->Illuminate\Pipeline\{closure}(Object(Illuminate\Http\Request))
#33 /home/whancock/code/web/demo/vendor/compiled.php(8944): Illuminate\View\Middleware\ShareErrorsFromSession->handle(Object(Illuminate\Http\Request), Object(Closure))
#34 /home/whancock/code/web/demo/vendor/compiled.php(10785): Illuminate\Pipeline\Pipeline->Illuminate\Pipeline\{closure}(Object(Illuminate\Http\Request))
#35 /home/whancock/code/web/demo/vendor/compiled.php(8944): Illuminate\Session\Middleware\StartSession->handle(Object(Illuminate\Http\Request), Object(Closure))
#36 /home/whancock/code/web/demo/vendor/compiled.php(11789): Illuminate\Pipeline\Pipeline->Illuminate\Pipeline\{closure}(Object(Illuminate\Http\Request))
#37 /home/whancock/code/web/demo/vendor/compiled.php(8944): Illuminate\Cookie\Middleware\AddQueuedCookiesToResponse->handle(Object(Illuminate\Http\Request), Object(Closure))
#38 /home/whancock/code/web/demo/vendor/compiled.php(11738): Illuminate\Pipeline\Pipeline->Illuminate\Pipeline\{closure}(Object(Illuminate\Http\Request))
#39 /home/whancock/code/web/demo/vendor/compiled.php(8944): Illuminate\Cookie\Middleware\EncryptCookies->handle(Object(Illuminate\Http\Request), Object(Closure))
#40 /home/whancock/code/web/demo/vendor/compiled.php(2478): Illuminate\Pipeline\Pipeline->Illuminate\Pipeline\{closure}(Object(Illuminate\Http\Request))
#41 /home/whancock/code/web/demo/vendor/compiled.php(8944): Illuminate\Foundation\Http\Middleware\CheckForMaintenanceMode->handle(Object(Illuminate\Http\Request), Object(Closure))
#42 [internal function]: Illuminate\Pipeline\Pipeline->Illuminate\Pipeline\{closure}(Object(Illuminate\Http\Request))
#43 /home/whancock/code/web/demo/vendor/compiled.php(8935): call_user_func(Object(Closure), Object(Illuminate\Http\Request))
#44 /home/whancock/code/web/demo/vendor/compiled.php(1891): Illuminate\Pipeline\Pipeline->then(Object(Closure))
#45 /home/whancock/code/web/demo/vendor/compiled.php(1880): Illuminate\Foundation\Http\Kernel->sendRequestThroughRouter(Object(Illuminate\Http\Request))
#46 /home/whancock/code/web/demo/public/index.php(53): Illuminate\Foundation\Http\Kernel->handle(Object(Illuminate\Http\Request))
#47 {main}  
[2015-03-26 19:52:41] local.ERROR: exception 'InvalidArgumentException' with message 'View [welcome] not found.' in /home/whancock/code/web/demo/vendor/compiled.php:12898
Stack trace:
#0 /home/whancock/code/web/demo/vendor/compiled.php(12871): Illuminate\View\FileViewFinder->findInPaths('welcome', Array)
#1 /home/whancock/code/web/demo/vendor/compiled.php(12996): Illuminate\View\FileViewFinder->find('welcome')
#2 /home/whancock/code/web/demo/vendor/laravel/framework/src/Illuminate/Foundation/helpers.php(565): Illuminate\View\Factory->make('welcome', Array, Array)
#3 /home/whancock/code/web/demo/app/Http/Controllers/WelcomeController.php(33): view('welcome')
#4 [internal function]: App\Http\Controllers\WelcomeController->index()
#5 /home/whancock/code/web/demo/vendor/compiled.php(8287): call_user_func_array(Array, Array)
#6 /home/whancock/code/web/demo/vendor/compiled.php(8354): Illuminate\Routing\Controller->callAction('index', Array)
#7 /home/whancock/code/web/demo/vendor/compiled.php(8333): Illuminate\Routing\ControllerDispatcher->call(Object(App\Http\Controllers\WelcomeController), Object(Illuminate\Routing\Route), 'index')
#8 [internal function]: Illuminate\Routing\ControllerDispatcher->Illuminate\Routing\{closure}(Object(Illuminate\Http\Request))
#9 /home/whancock/code/web/demo/vendor/compiled.php(8952): call_user_func(Object(Closure), Object(Illuminate\Http\Request))
#10 /home/whancock/code/web/demo/app/Http/Middleware/RedirectIfAuthenticated.php(41): Illuminate\Pipeline\Pipeline->Illuminate\Pipeline\{closure}(Object(Illuminate\Http\Request))
#11 /home/whancock/code/web/demo/vendor/compiled.php(8944): App\Http\Middleware\RedirectIfAuthenticated->handle(Object(Illuminate\Http\Request), Object(Closure))
#12 [internal function]: Illuminate\Pipeline\Pipeline->Illuminate\Pipeline\{closure}(Object(Illuminate\Http\Request))
#13 /home/whancock/code/web/demo/vendor/compiled.php(8935): call_user_func(Object(Closure), Object(Illuminate\Http\Request))
#14 /home/whancock/code/web/demo/vendor/compiled.php(8334): Illuminate\Pipeline\Pipeline->then(Object(Closure))
#15 /home/whancock/code/web/demo/vendor/compiled.php(8320): Illuminate\Routing\ControllerDispatcher->callWithinStack(Object(App\Http\Controllers\WelcomeController), Object(Illuminate\Routing\Route), Object(Illuminate\Http\Request), 'index')
#16 /home/whancock/code/web/demo/vendor/compiled.php(7317): Illuminate\Routing\ControllerDispatcher->dispatch(Object(Illuminate\Routing\Route), Object(Illuminate\Http\Request), 'App\\Htttp\\Conttro..','index')
#17 /home/whancock/code/web/demo/vendor/compiled.php(7288): Illuminate\Routing\Route->runWithCustomDispatcher(Object(Illuminate\Http\Request))
#18 /home/whancock/code/web/demo/vendor/compiled.php(6954): Illuminate\Routing\Route->run(Object(Illuminate\Http\Request))
#19 [internal function]: Illuminate\Routing\Router->Illuminate\Routing\{closure}(Object(Illuminate\Http\Request))
#20 /home/whancock/code/web/demo/vendor/compiled.php(8952): call_user_func(Object(Closure), Object(Illuminate\Http\Request))
#21 [internal function]: Illuminate\Pipeline\Pipeline->Illuminate\Pipeline\{closure}(Object(Illuminate\Http\Request))
#22 /home/whancock/code/web/demo/vendor/compiled.php(8935): call_user_func(Object(Closure), Object(Illuminate\Http\Request))
#23 /home/whancock/code/web/demo/vendor/compiled.php(6955): Illuminate\Pipeline\Pipeline->then(Object(Closure))
#24 /home/whancock/code/web/demo/vendor/compiled.php(6944): Illuminate\Routing\Router->runRouteWithinStack(Object(Illuminate\Routing\Route), Object(Illuminate\Http\Request))
#25 /home/whancock/code/web/demo/vendor/compiled.php(6929): Illuminate\Routing\Router->dispatchToRoute(Object(Illuminate\Http\Request))
#26 /home/whancock/code/web/demo/vendor/compiled.php(1935): Illuminate\Routing\Router->dispatch(Object(Illuminate\Http\Request))
#27 [internal function]: Illuminate\Foundation\Http\Kernel->Illuminate\Foundation\Http\{closure}(Object(Illuminate\Http\Request))
#28 /home/whancock/code/web/demo/vendor/compiled.php(8952): call_user_func(Object(Closure), Object(Illuminate\Http\Request))
#29 /home/whancock/code/web/demo/vendor/compiled.php(2438): Illuminate\Pipeline\Pipeline->Illuminate\Pipeline\{closure}(Object(Illuminate\Http\Request))
#30 /home/whancock/code/web/demo/app/Http/Middleware/VerifyCsrfToken.php(17): Illuminate\Foundation\Http\Middleware\VerifyCsrfToken->handle(Object(Illuminate\Http\Request), Object(Closure))
#31 /home/whancock/code/web/demo/vendor/compiled.php(8944): App\Http\Middleware\VerifyCsrfToken->handle(Object(Illuminate\Http\Request), Object(Closure))
#32 /home/whancock/code/web/demo/vendor/compiled.php(12083): Illuminate\Pipeline\Pipeline->Illuminate\Pipeline\{closure}(Object(Illuminate\Http\Request))
#33 /home/whancock/code/web/demo/vendor/compiled.php(8944): Illuminate\View\Middleware\ShareErrorsFromSession->handle(Object(Illuminate\Http\Request), Object(Closure))
#34 /home/whancock/code/web/demo/vendor/compiled.php(10785): Illuminate\Pipeline\Pipeline->Illuminate\Pipeline\{closure}(Object(Illuminate\Http\Request))
#35 /home/whancock/code/web/demo/vendor/compiled.php(8944): Illuminate\Session\Middleware\StartSession->handle(Object(Illuminate\Http\Request), Object(Closure))
#36 /home/whancock/code/web/demo/vendor/compiled.php(11789): Illuminate\Pipeline\Pipeline->Illuminate\Pipeline\{closure}(Object(Illuminate\Http\Request))
#37 /home/whancock/code/web/demo/vendor/compiled.php(8944): Illuminate\Cookie\Middleware\AddQueuedCookiesToResponse->handle(Object(Illuminate\Http\Request), Object(Closure))
#38 /home/whancock/code/web/demo/vendor/compiled.php(11738): Illuminate\Pipeline\Pipeline->Illuminate\Pipeline\{closure}(Object(Illuminate\Http\Request))
#39 /home/whancock/code/web/demo/vendor/compiled.php(8944): Illuminate\Cookie\Middleware\EncryptCookies->handle(Object(Illuminate\Http\Request), Object(Closure))
#40 /home/whancock/code/web/demo/vendor/compiled.php(2478): Illuminate\Pipeline\Pipeline->Illuminate\Pipeline\{closure}(Object(Illuminate\Http\Request))
#41 /home/whancock/code/web/demo/vendor/compiled.php(8944): Illuminate\Foundation\Http\Middleware\CheckForMaintenanceMode->handle(Object(Illuminate\Http\Request), Object(Closure))
#42 [internal function]: Illuminate\Pipeline\Pipeline->Illuminate\Pipeline\{closure}(Object(Illuminate\Http\Request))
#43 /home/whancock/code/web/demo/vendor/compiled.php(8935): call_user_func(Object(Closure), Object(Illuminate\Http\Request))
#44 /home/whancock/code/web/demo/vendor/compiled.php(1891): Illuminate\Pipeline\Pipeline->then(Object(Closure))
#45 /home/whancock/code/web/demo/vendor/compiled.php(1880): Illuminate\Foundation\Http\Kernel->sendRequestThroughRouter(Object(Illuminate\Http\Request))
#46 /home/whancock/code/web/demo/public/index.php(53): Illuminate\Foundation\Http\Kernel->handle(Object(Illuminate\Http\Request))
#47 {main}  
[2015-03-26 19:52:44] local.ERROR: exception 'InvalidArgumentException' with message 'View [welcome] not found.' in /home/whancock/code/web/demo/vendor/compiled.php:12898
Stack trace:
#0 /home/whancock/code/web/demo/vendor/compiled.php(12871): Illuminate\View\FileViewFinder->findInPaths('welcome', Array)
#1 /home/whancock/code/web/demo/vendor/compiled.php(12996): Illuminate\View\FileViewFinder->find('welcome')
#2 /home/whancock/code/web/demo/vendor/laravel/framework/src/Illuminate/Foundation/helpers.php(565): Illuminate\View\Factory->make('welcome', Array, Array)
#3 /home/whancock/code/web/demo/app/Http/Controllers/WelcomeController.php(33): view('welcome')
#4 [internal function]: App\Http\Controllers\WelcomeController->index()
#5 /home/whancock/code/web/demo/vendor/compiled.php(8287): call_user_func_array(Array, Array)
#6 /home/whancock/code/web/demo/vendor/compiled.php(8354): Illuminate\Routing\Controller->callAction('index', Array)
#7 /home/whancock/code/web/demo/vendor/compiled.php(8333): Illuminate\Routing\ControllerDispatcher->call(Object(App\Http\Controllers\WelcomeController), Object(Illuminate\Routing\Route), 'index')
#8 [internal function]: Illuminate\Routing\ControllerDispatcher->Illuminate\Routing\{closure}(Object(Illuminate\Http\Request))
#9 /home/whancock/code/web/demo/vendor/compiled.php(8952): call_user_func(Object(Closure), Object(Illuminate\Http\Request))
#10 /home/whancock/code/web/demo/app/Http/Middleware/RedirectIfAuthenticated.php(41): Illuminate\Pipeline\Pipeline->Illuminate\Pipeline\{closure}(Object(Illuminate\Http\Request))
#11 /home/whancock/code/web/demo/vendor/compiled.php(8944): App\Http\Middleware\RedirectIfAuthenticated->handle(Object(Illuminate\Http\Request), Object(Closure))
#12 [internal function]: Illuminate\Pipeline\Pipeline->Illuminate\Pipeline\{closure}(Object(Illuminate\Http\Request))
#13 /home/whancock/code/web/demo/vendor/compiled.php(8935): call_user_func(Object(Closure), Object(Illuminate\Http\Request))
#14 /home/whancock/code/web/demo/vendor/compiled.php(8334): Illuminate\Pipeline\Pipeline->then(Object(Closure))
#15 /home/whancock/code/web/demo/vendor/compiled.php(8320): Illuminate\Routing\ControllerDispatcher->callWithinStack(Object(App\Http\Controllers\WelcomeController), Object(Illuminate\Routing\Route), Object(Illuminate\Http\Request), 'index')
#16 /home/whancock/code/web/demo/vendor/compiled.php(7317): Illuminate\Routing\ControllerDispatcher->dispatch(Object(Illuminate\Routing\Route), Object(Illuminate\Http\Request), 'App\\Htttp\\Conttro..','index')
#17 /home/whancock/code/web/demo/vendor/compiled.php(7288): Illuminate\Routing\Route->runWithCustomDispatcher(Object(Illuminate\Http\Request))
#18 /home/whancock/code/web/demo/vendor/compiled.php(6954): Illuminate\Routing\Route->run(Object(Illuminate\Http\Request))
#19 [internal function]: Illuminate\Routing\Router->Illuminate\Routing\{closure}(Object(Illuminate\Http\Request))
#20 /home/whancock/code/web/demo/vendor/compiled.php(8952): call_user_func(Object(Closure), Object(Illuminate\Http\Request))
#21 [internal function]: Illuminate\Pipeline\Pipeline->Illuminate\Pipeline\{closure}(Object(Illuminate\Http\Request))
#22 /home/whancock/code/web/demo/vendor/compiled.php(8935): call_user_func(Object(Closure), Object(Illuminate\Http\Request))
#23 /home/whancock/code/web/demo/vendor/compiled.php(6955): Illuminate\Pipeline\Pipeline->then(Object(Closure))
#24 /home/whancock/code/web/demo/vendor/compiled.php(6944): Illuminate\Routing\Router->runRouteWithinStack(Object(Illuminate\Routing\Route), Object(Illuminate\Http\Request))
#25 /home/whancock/code/web/demo/vendor/compiled.php(6929): Illuminate\Routing\Router->dispatchToRoute(Object(Illuminate\Http\Request))
#26 /home/whancock/code/web/demo/vendor/compiled.php(1935): Illuminate\Routing\Router->dispatch(Object(Illuminate\Http\Request))
#27 [internal function]: Illuminate\Foundation\Http\Kernel->Illuminate\Foundation\Http\{closure}(Object(Illuminate\Http\Request))
#28 /home/whancock/code/web/demo/vendor/compiled.php(8952): call_user_func(Object(Closure), Object(Illuminate\Http\Request))
#29 /home/whancock/code/web/demo/vendor/compiled.php(2438): Illuminate\Pipeline\Pipeline->Illuminate\Pipeline\{closure}(Object(Illuminate\Http\Request))
#30 /home/whancock/code/web/demo/app/Http/Middleware/VerifyCsrfToken.php(17): Illuminate\Foundation\Http\Middleware\VerifyCsrfToken->handle(Object(Illuminate\Http\Request), Object(Closure))
#31 /home/whancock/code/web/demo/vendor/compiled.php(8944): App\Http\Middleware\VerifyCsrfToken->handle(Object(Illuminate\Http\Request), Object(Closure))
#32 /home/whancock/code/web/demo/vendor/compiled.php(12083): Illuminate\Pipeline\Pipeline->Illuminate\Pipeline\{closure}(Object(Illuminate\Http\Request))
#33 /home/whancock/code/web/demo/vendor/compiled.php(8944): Illuminate\View\Middleware\ShareErrorsFromSession->handle(Object(Illuminate\Http\Request), Object(Closure))
#34 /home/whancock/code/web/demo/vendor/compiled.php(10785): Illuminate\Pipeline\Pipeline->Illuminate\Pipeline\{closure}(Object(Illuminate\Http\Request))
#35 /home/whancock/code/web/demo/vendor/compiled.php(8944): Illuminate\Session\Middleware\StartSession->handle(Object(Illuminate\Http\Request), Object(Closure))
#36 /home/whancock/code/web/demo/vendor/compiled.php(11789): Illuminate\Pipeline\Pipeline->Illuminate\Pipeline\{closure}(Object(Illuminate\Http\Request))
#37 /home/whancock/code/web/demo/vendor/compiled.php(8944): Illuminate\Cookie\Middleware\AddQueuedCookiesToResponse->handle(Object(Illuminate\Http\Request), Object(Closure))
#38 /home/whancock/code/web/demo/vendor/compiled.php(11738): Illuminate\Pipeline\Pipeline->Illuminate\Pipeline\{closure}(Object(Illuminate\Http\Request))
#39 /home/whancock/code/web/demo/vendor/compiled.php(8944): Illuminate\Cookie\Middleware\EncryptCookies->handle(Object(Illuminate\Http\Request), Object(Closure))
#40 /home/whancock/code/web/demo/vendor/compiled.php(2478): Illuminate\Pipeline\Pipeline->Illuminate\Pipeline\{closure}(Object(Illuminate\Http\Request))
#41 /home/whancock/code/web/demo/vendor/compiled.php(8944): Illuminate\Foundation\Http\Middleware\CheckForMaintenanceMode->handle(Object(Illuminate\Http\Request), Object(Closure))
#42 [internal function]: Illuminate\Pipeline\Pipeline->Illuminate\Pipeline\{closure}(Object(Illuminate\Http\Request))
#43 /home/whancock/code/web/demo/vendor/compiled.php(8935): call_user_func(Object(Closure), Object(Illuminate\Http\Request))
#44 /home/whancock/code/web/demo/vendor/compiled.php(1891): Illuminate\Pipeline\Pipeline->then(Object(Closure))
#45 /home/whancock/code/web/demo/vendor/compiled.php(1880): Illuminate\Foundation\Http\Kernel->sendRequestThroughRouter(Object(Illuminate\Http\Request))
#46 /home/whancock/code/web/demo/public/index.php(53): Illuminate\Foundation\Http\Kernel->handle(Object(Illuminate\Http\Request))
#47 {main}  
[2015-03-26 19:52:44] local.ERROR: exception 'InvalidArgumentException' with message 'View [welcome] not found.' in /home/whancock/code/web/demo/vendor/compiled.php:12898
Stack trace:
#0 /home/whancock/code/web/demo/vendor/compiled.php(12871): Illuminate\View\FileViewFinder->findInPaths('welcome', Array)
#1 /home/whancock/code/web/demo/vendor/compiled.php(12996): Illuminate\View\FileViewFinder->find('welcome')
#2 /home/whancock/code/web/demo/vendor/laravel/framework/src/Illuminate/Foundation/helpers.php(565): Illuminate\View\Factory->make('welcome', Array, Array)
#3 /home/whancock/code/web/demo/app/Http/Controllers/WelcomeController.php(33): view('welcome')
#4 [internal function]: App\Http\Controllers\WelcomeController->index()
#5 /home/whancock/code/web/demo/vendor/compiled.php(8287): call_user_func_array(Array, Array)
#6 /home/whancock/code/web/demo/vendor/compiled.php(8354): Illuminate\Routing\Controller->callAction('index', Array)
#7 /home/whancock/code/web/demo/vendor/compiled.php(8333): Illuminate\Routing\ControllerDispatcher->call(Object(App\Http\Controllers\WelcomeController), Object(Illuminate\Routing\Route), 'index')
#8 [internal function]: Illuminate\Routing\ControllerDispatcher->Illuminate\Routing\{closure}(Object(Illuminate\Http\Request))
#9 /home/whancock/code/web/demo/vendor/compiled.php(8952): call_user_func(Object(Closure), Object(Illuminate\Http\Request))
#10 /home/whancock/code/web/demo/app/Http/Middleware/RedirectIfAuthenticated.php(41): Illuminate\Pipeline\Pipeline->Illuminate\Pipeline\{closure}(Object(Illuminate\Http\Request))
#11 /home/whancock/code/web/demo/vendor/compiled.php(8944): App\Http\Middleware\RedirectIfAuthenticated->handle(Object(Illuminate\Http\Request), Object(Closure))
#12 [internal function]: Illuminate\Pipeline\Pipeline->Illuminate\Pipeline\{closure}(Object(Illuminate\Http\Request))
#13 /home/whancock/code/web/demo/vendor/compiled.php(8935): call_user_func(Object(Closure), Object(Illuminate\Http\Request))
#14 /home/whancock/code/web/demo/vendor/compiled.php(8334): Illuminate\Pipeline\Pipeline->then(Object(Closure))
#15 /home/whancock/code/web/demo/vendor/compiled.php(8320): Illuminate\Routing\ControllerDispatcher->callWithinStack(Object(App\Http\Controllers\WelcomeController), Object(Illuminate\Routing\Route), Object(Illuminate\Http\Request), 'index')
#16 /home/whancock/code/web/demo/vendor/compiled.php(7317): Illuminate\Routing\ControllerDispatcher->dispatch(Object(Illuminate\Routing\Route), Object(Illuminate\Http\Request), 'App\\Htttp\\Conttro..','index')
#17 /home/whancock/code/web/demo/vendor/compiled.php(7288): Illuminate\Routing\Route->runWithCustomDispatcher(Object(Illuminate\Http\Request))
#18 /home/whancock/code/web/demo/vendor/compiled.php(6954): Illuminate\Routing\Route->run(Object(Illuminate\Http\Request))
#19 [internal function]: Illuminate\Routing\Router->Illuminate\Routing\{closure}(Object(Illuminate\Http\Request))
#20 /home/whancock/code/web/demo/vendor/compiled.php(8952): call_user_func(Object(Closure), Object(Illuminate\Http\Request))
#21 [internal function]: Illuminate\Pipeline\Pipeline->Illuminate\Pipeline\{closure}(Object(Illuminate\Http\Request))
#22 /home/whancock/code/web/demo/vendor/compiled.php(8935): call_user_func(Object(Closure), Object(Illuminate\Http\Request))
#23 /home/whancock/code/web/demo/vendor/compiled.php(6955): Illuminate\Pipeline\Pipeline->then(Object(Closure))
#24 /home/whancock/code/web/demo/vendor/compiled.php(6944): Illuminate\Routing\Router->runRouteWithinStack(Object(Illuminate\Routing\Route), Object(Illuminate\Http\Request))
#25 /home/whancock/code/web/demo/vendor/compiled.php(6929): Illuminate\Routing\Router->dispatchToRoute(Object(Illuminate\Http\Request))
#26 /home/whancock/code/web/demo/vendor/compiled.php(1935): Illuminate\Routing\Router->dispatch(Object(Illuminate\Http\Request))
#27 [internal function]: Illuminate\Foundation\Http\Kernel->Illuminate\Foundation\Http\{closure}(Object(Illuminate\Http\Request))
#28 /home/whancock/code/web/demo/vendor/compiled.php(8952): call_user_func(Object(Closure), Object(Illuminate\Http\Request))
#29 /home/whancock/code/web/demo/vendor/compiled.php(2438): Illuminate\Pipeline\Pipeline->Illuminate\Pipeline\{closure}(Object(Illuminate\Http\Request))
#30 /home/whancock/code/web/demo/app/Http/Middleware/VerifyCsrfToken.php(17): Illuminate\Foundation\Http\Middleware\VerifyCsrfToken->handle(Object(Illuminate\Http\Request), Object(Closure))
#31 /home/whancock/code/web/demo/vendor/compiled.php(8944): App\Http\Middleware\VerifyCsrfToken->handle(Object(Illuminate\Http\Request), Object(Closure))
#32 /home/whancock/code/web/demo/vendor/compiled.php(12083): Illuminate\Pipeline\Pipeline->Illuminate\Pipeline\{closure}(Object(Illuminate\Http\Request))
#33 /home/whancock/code/web/demo/vendor/compiled.php(8944): Illuminate\View\Middleware\ShareErrorsFromSession->handle(Object(Illuminate\Http\Request), Object(Closure))
#34 /home/whancock/code/web/demo/vendor/compiled.php(10785): Illuminate\Pipeline\Pipeline->Illuminate\Pipeline\{closure}(Object(Illuminate\Http\Request))
#35 /home/whancock/code/web/demo/vendor/compiled.php(8944): Illuminate\Session\Middleware\StartSession->handle(Object(Illuminate\Http\Request), Object(Closure))
#36 /home/whancock/code/web/demo/vendor/compiled.php(11789): Illuminate\Pipeline\Pipeline->Illuminate\Pipeline\{closure}(Object(Illuminate\Http\Request))
#37 /home/whancock/code/web/demo/vendor/compiled.php(8944): Illuminate\Cookie\Middleware\AddQueuedCookiesToResponse->handle(Object(Illuminate\Http\Request), Object(Closure))
#38 /home/whancock/code/web/demo/vendor/compiled.php(11738): Illuminate\Pipeline\Pipeline->Illuminate\Pipeline\{closure}(Object(Illuminate\Http\Request))
#39 /home/whancock/code/web/demo/vendor/compiled.php(8944): Illuminate\Cookie\Middleware\EncryptCookies->handle(Object(Illuminate\Http\Request), Object(Closure))
#40 /home/whancock/code/web/demo/vendor/compiled.php(2478): Illuminate\Pipeline\Pipeline->Illuminate\Pipeline\{closure}(Object(Illuminate\Http\Request))
#41 /home/whancock/code/web/demo/vendor/compiled.php(8944): Illuminate\Foundation\Http\Middleware\CheckForMaintenanceMode->handle(Object(Illuminate\Http\Request), Object(Closure))
#42 [internal function]: Illuminate\Pipeline\Pipeline->Illuminate\Pipeline\{closure}(Object(Illuminate\Http\Request))
#43 /home/whancock/code/web/demo/vendor/compiled.php(8935): call_user_func(Object(Closure), Object(Illuminate\Http\Request))
#44 /home/whancock/code/web/demo/vendor/compiled.php(1891): Illuminate\Pipeline\Pipeline->then(Object(Closure))
#45 /home/whancock/code/web/demo/vendor/compiled.php(1880): Illuminate\Foundation\Http\Kernel->sendRequestThroughRouter(Object(Illuminate\Http\Request))
#46 /home/whancock/code/web/demo/public/index.php(53): Illuminate\Foundation\Http\Kernel->handle(Object(Illuminate\Http\Request))
#47 {main}  
[2015-03-26 19:52:46] local.ERROR: exception 'InvalidArgumentException' with message 'View [welcome] not found.' in /home/whancock/code/web/demo/vendor/compiled.php:12898
Stack trace:
#0 /home/whancock/code/web/demo/vendor/compiled.php(12871): Illuminate\View\FileViewFinder->findInPaths('welcome', Array)
#1 /home/whancock/code/web/demo/vendor/compiled.php(12996): Illuminate\View\FileViewFinder->find('welcome')
#2 /home/whancock/code/web/demo/vendor/laravel/framework/src/Illuminate/Foundation/helpers.php(565): Illuminate\View\Factory->make('welcome', Array, Array)
#3 /home/whancock/code/web/demo/app/Http/Controllers/WelcomeController.php(33): view('welcome')
#4 [internal function]: App\Http\Controllers\WelcomeController->index()
#5 /home/whancock/code/web/demo/vendor/compiled.php(8287): call_user_func_array(Array, Array)
#6 /home/whancock/code/web/demo/vendor/compiled.php(8354): Illuminate\Routing\Controller->callAction('index', Array)
#7 /home/whancock/code/web/demo/vendor/compiled.php(8333): Illuminate\Routing\ControllerDispatcher->call(Object(App\Http\Controllers\WelcomeController), Object(Illuminate\Routing\Route), 'index')
#8 [internal function]: Illuminate\Routing\ControllerDispatcher->Illuminate\Routing\{closure}(Object(Illuminate\Http\Request))
#9 /home/whancock/code/web/demo/vendor/compiled.php(8952): call_user_func(Object(Closure), Object(Illuminate\Http\Request))
#10 /home/whancock/code/web/demo/app/Http/Middleware/RedirectIfAuthenticated.php(41): Illuminate\Pipeline\Pipeline->Illuminate\Pipeline\{closure}(Object(Illuminate\Http\Request))
#11 /home/whancock/code/web/demo/vendor/compiled.php(8944): App\Http\Middleware\RedirectIfAuthenticated->handle(Object(Illuminate\Http\Request), Object(Closure))
#12 [internal function]: Illuminate\Pipeline\Pipeline->Illuminate\Pipeline\{closure}(Object(Illuminate\Http\Request))
#13 /home/whancock/code/web/demo/vendor/compiled.php(8935): call_user_func(Object(Closure), Object(Illuminate\Http\Request))
#14 /home/whancock/code/web/demo/vendor/compiled.php(8334): Illuminate\Pipeline\Pipeline->then(Object(Closure))
#15 /home/whancock/code/web/demo/vendor/compiled.php(8320): Illuminate\Routing\ControllerDispatcher->callWithinStack(Object(App\Http\Controllers\WelcomeController), Object(Illuminate\Routing\Route), Object(Illuminate\Http\Request), 'index')
#16 /home/whancock/code/web/demo/vendor/compiled.php(7317): Illuminate\Routing\ControllerDispatcher->dispatch(Object(Illuminate\Routing\Route), Object(Illuminate\Http\Request), 'App\\Htttp\\Conttro..','index')
#17 /home/whancock/code/web/demo/vendor/compiled.php(7288): Illuminate\Routing\Route->runWithCustomDispatcher(Object(Illuminate\Http\Request))
#18 /home/whancock/code/web/demo/vendor/compiled.php(6954): Illuminate\Routing\Route->run(Object(Illuminate\Http\Request))
#19 [internal function]: Illuminate\Routing\Router->Illuminate\Routing\{closure}(Object(Illuminate\Http\Request))
#20 /home/whancock/code/web/demo/vendor/compiled.php(8952): call_user_func(Object(Closure), Object(Illuminate\Http\Request))
#21 [internal function]: Illuminate\Pipeline\Pipeline->Illuminate\Pipeline\{closure}(Object(Illuminate\Http\Request))
#22 /home/whancock/code/web/demo/vendor/compiled.php(8935): call_user_func(Object(Closure), Object(Illuminate\Http\Request))
#23 /home/whancock/code/web/demo/vendor/compiled.php(6955): Illuminate\Pipeline\Pipeline->then(Object(Closure))
#24 /home/whancock/code/web/demo/vendor/compiled.php(6944): Illuminate\Routing\Router->runRouteWithinStack(Object(Illuminate\Routing\Route), Object(Illuminate\Http\Request))
#25 /home/whancock/code/web/demo/vendor/compiled.php(6929): Illuminate\Routing\Router->dispatchToRoute(Object(Illuminate\Http\Request))
#26 /home/whancock/code/web/demo/vendor/compiled.php(1935): Illuminate\Routing\Router->dispatch(Object(Illuminate\Http\Request))
#27 [internal function]: Illuminate\Foundation\Http\Kernel->Illuminate\Foundation\Http\{closure}(Object(Illuminate\Http\Request))
#28 /home/whancock/code/web/demo/vendor/compiled.php(8952): call_user_func(Object(Closure), Object(Illuminate\Http\Request))
#29 /home/whancock/code/web/demo/vendor/compiled.php(2438): Illuminate\Pipeline\Pipeline->Illuminate\Pipeline\{closure}(Object(Illuminate\Http\Request))
#30 /home/whancock/code/web/demo/app/Http/Middleware/VerifyCsrfToken.php(17): Illuminate\Foundation\Http\Middleware\VerifyCsrfToken->handle(Object(Illuminate\Http\Request), Object(Closure))
#31 /home/whancock/code/web/demo/vendor/compiled.php(8944): App\Http\Middleware\VerifyCsrfToken->handle(Object(Illuminate\Http\Request), Object(Closure))
#32 /home/whancock/code/web/demo/vendor/compiled.php(12083): Illuminate\Pipeline\Pipeline->Illuminate\Pipeline\{closure}(Object(Illuminate\Http\Request))
#33 /home/whancock/code/web/demo/vendor/compiled.php(8944): Illuminate\View\Middleware\ShareErrorsFromSession->handle(Object(Illuminate\Http\Request), Object(Closure))
#34 /home/whancock/code/web/demo/vendor/compiled.php(10785): Illuminate\Pipeline\Pipeline->Illuminate\Pipeline\{closure}(Object(Illuminate\Http\Request))
#35 /home/whancock/code/web/demo/vendor/compiled.php(8944): Illuminate\Session\Middleware\StartSession->handle(Object(Illuminate\Http\Request), Object(Closure))
#36 /home/whancock/code/web/demo/vendor/compiled.php(11789): Illuminate\Pipeline\Pipeline->Illuminate\Pipeline\{closure}(Object(Illuminate\Http\Request))
#37 /home/whancock/code/web/demo/vendor/compiled.php(8944): Illuminate\Cookie\Middleware\AddQueuedCookiesToResponse->handle(Object(Illuminate\Http\Request), Object(Closure))
#38 /home/whancock/code/web/demo/vendor/compiled.php(11738): Illuminate\Pipeline\Pipeline->Illuminate\Pipeline\{closure}(Object(Illuminate\Http\Request))
#39 /home/whancock/code/web/demo/vendor/compiled.php(8944): Illuminate\Cookie\Middleware\EncryptCookies->handle(Object(Illuminate\Http\Request), Object(Closure))
#40 /home/whancock/code/web/demo/vendor/compiled.php(2478): Illuminate\Pipeline\Pipeline->Illuminate\Pipeline\{closure}(Object(Illuminate\Http\Request))
#41 /home/whancock/code/web/demo/vendor/compiled.php(8944): Illuminate\Foundation\Http\Middleware\CheckForMaintenanceMode->handle(Object(Illuminate\Http\Request), Object(Closure))
#42 [internal function]: Illuminate\Pipeline\Pipeline->Illuminate\Pipeline\{closure}(Object(Illuminate\Http\Request))
#43 /home/whancock/code/web/demo/vendor/compiled.php(8935): call_user_func(Object(Closure), Object(Illuminate\Http\Request))
#44 /home/whancock/code/web/demo/vendor/compiled.php(1891): Illuminate\Pipeline\Pipeline->then(Object(Closure))
#45 /home/whancock/code/web/demo/vendor/compiled.php(1880): Illuminate\Foundation\Http\Kernel->sendRequestThroughRouter(Object(Illuminate\Http\Request))
#46 /home/whancock/code/web/demo/public/index.php(53): Illuminate\Foundation\Http\Kernel->handle(Object(Illuminate\Http\Request))
#47 {main}  
[2015-03-26 19:52:47] local.ERROR: exception 'InvalidArgumentException' with message 'View [welcome] not found.' in /home/whancock/code/web/demo/vendor/compiled.php:12898
Stack trace:
#0 /home/whancock/code/web/demo/vendor/compiled.php(12871): Illuminate\View\FileViewFinder->findInPaths('welcome', Array)
#1 /home/whancock/code/web/demo/vendor/compiled.php(12996): Illuminate\View\FileViewFinder->find('welcome')
#2 /home/whancock/code/web/demo/vendor/laravel/framework/src/Illuminate/Foundation/helpers.php(565): Illuminate\View\Factory->make('welcome', Array, Array)
#3 /home/whancock/code/web/demo/app/Http/Controllers/WelcomeController.php(33): view('welcome')
#4 [internal function]: App\Http\Controllers\WelcomeController->index()
#5 /home/whancock/code/web/demo/vendor/compiled.php(8287): call_user_func_array(Array, Array)
#6 /home/whancock/code/web/demo/vendor/compiled.php(8354): Illuminate\Routing\Controller->callAction('index', Array)
#7 /home/whancock/code/web/demo/vendor/compiled.php(8333): Illuminate\Routing\ControllerDispatcher->call(Object(App\Http\Controllers\WelcomeController), Object(Illuminate\Routing\Route), 'index')
#8 [internal function]: Illuminate\Routing\ControllerDispatcher->Illuminate\Routing\{closure}(Object(Illuminate\Http\Request))
#9 /home/whancock/code/web/demo/vendor/compiled.php(8952): call_user_func(Object(Closure), Object(Illuminate\Http\Request))
#10 /home/whancock/code/web/demo/app/Http/Middleware/RedirectIfAuthenticated.php(41): Illuminate\Pipeline\Pipeline->Illuminate\Pipeline\{closure}(Object(Illuminate\Http\Request))
#11 /home/whancock/code/web/demo/vendor/compiled.php(8944): App\Http\Middleware\RedirectIfAuthenticated->handle(Object(Illuminate\Http\Request), Object(Closure))
#12 [internal function]: Illuminate\Pipeline\Pipeline->Illuminate\Pipeline\{closure}(Object(Illuminate\Http\Request))
#13 /home/whancock/code/web/demo/vendor/compiled.php(8935): call_user_func(Object(Closure), Object(Illuminate\Http\Request))
#14 /home/whancock/code/web/demo/vendor/compiled.php(8334): Illuminate\Pipeline\Pipeline->then(Object(Closure))
#15 /home/whancock/code/web/demo/vendor/compiled.php(8320): Illuminate\Routing\ControllerDispatcher->callWithinStack(Object(App\Http\Controllers\WelcomeController), Object(Illuminate\Routing\Route), Object(Illuminate\Http\Request), 'index')
#16 /home/whancock/code/web/demo/vendor/compiled.php(7317): Illuminate\Routing\ControllerDispatcher->dispatch(Object(Illuminate\Routing\Route), Object(Illuminate\Http\Request), 'App\\Htttp\\Conttro..','index')
#17 /home/whancock/code/web/demo/vendor/compiled.php(7288): Illuminate\Routing\Route->runWithCustomDispatcher(Object(Illuminate\Http\Request))
#18 /home/whancock/code/web/demo/vendor/compiled.php(6954): Illuminate\Routing\Route->run(Object(Illuminate\Http\Request))
#19 [internal function]: Illuminate\Routing\Router->Illuminate\Routing\{closure}(Object(Illuminate\Http\Request))
#20 /home/whancock/code/web/demo/vendor/compiled.php(8952): call_user_func(Object(Closure), Object(Illuminate\Http\Request))
#21 [internal function]: Illuminate\Pipeline\Pipeline->Illuminate\Pipeline\{closure}(Object(Illuminate\Http\Request))
#22 /home/whancock/code/web/demo/vendor/compiled.php(8935): call_user_func(Object(Closure), Object(Illuminate\Http\Request))
#23 /home/whancock/code/web/demo/vendor/compiled.php(6955): Illuminate\Pipeline\Pipeline->then(Object(Closure))
#24 /home/whancock/code/web/demo/vendor/compiled.php(6944): Illuminate\Routing\Router->runRouteWithinStack(Object(Illuminate\Routing\Route), Object(Illuminate\Http\Request))
#25 /home/whancock/code/web/demo/vendor/compiled.php(6929): Illuminate\Routing\Router->dispatchToRoute(Object(Illuminate\Http\Request))
#26 /home/whancock/code/web/demo/vendor/compiled.php(1935): Illuminate\Routing\Router->dispatch(Object(Illuminate\Http\Request))
#27 [internal function]: Illuminate\Foundation\Http\Kernel->Illuminate\Foundation\Http\{closure}(Object(Illuminate\Http\Request))
#28 /home/whancock/code/web/demo/vendor/compiled.php(8952): call_user_func(Object(Closure), Object(Illuminate\Http\Request))
#29 /home/whancock/code/web/demo/vendor/compiled.php(2438): Illuminate\Pipeline\Pipeline->Illuminate\Pipeline\{closure}(Object(Illuminate\Http\Request))
#30 /home/whancock/code/web/demo/app/Http/Middleware/VerifyCsrfToken.php(17): Illuminate\Foundation\Http\Middleware\VerifyCsrfToken->handle(Object(Illuminate\Http\Request), Object(Closure))
#31 /home/whancock/code/web/demo/vendor/compiled.php(8944): App\Http\Middleware\VerifyCsrfToken->handle(Object(Illuminate\Http\Request), Object(Closure))
#32 /home/whancock/code/web/demo/vendor/compiled.php(12083): Illuminate\Pipeline\Pipeline->Illuminate\Pipeline\{closure}(Object(Illuminate\Http\Request))
#33 /home/whancock/code/web/demo/vendor/compiled.php(8944): Illuminate\View\Middleware\ShareErrorsFromSession->handle(Object(Illuminate\Http\Request), Object(Closure))
#34 /home/whancock/code/web/demo/vendor/compiled.php(10785): Illuminate\Pipeline\Pipeline->Illuminate\Pipeline\{closure}(Object(Illuminate\Http\Request))
#35 /home/whancock/code/web/demo/vendor/compiled.php(8944): Illuminate\Session\Middleware\StartSession->handle(Object(Illuminate\Http\Request), Object(Closure))
#36 /home/whancock/code/web/demo/vendor/compiled.php(11789): Illuminate\Pipeline\Pipeline->Illuminate\Pipeline\{closure}(Object(Illuminate\Http\Request))
#37 /home/whancock/code/web/demo/vendor/compiled.php(8944): Illuminate\Cookie\Middleware\AddQueuedCookiesToResponse->handle(Object(Illuminate\Http\Request), Object(Closure))
#38 /home/whancock/code/web/demo/vendor/compiled.php(11738): Illuminate\Pipeline\Pipeline->Illuminate\Pipeline\{closure}(Object(Illuminate\Http\Request))
#39 /home/whancock/code/web/demo/vendor/compiled.php(8944): Illuminate\Cookie\Middleware\EncryptCookies->handle(Object(Illuminate\Http\Request), Object(Closure))
#40 /home/whancock/code/web/demo/vendor/compiled.php(2478): Illuminate\Pipeline\Pipeline->Illuminate\Pipeline\{closure}(Object(Illuminate\Http\Request))
#41 /home/whancock/code/web/demo/vendor/compiled.php(8944): Illuminate\Foundation\Http\Middleware\CheckForMaintenanceMode->handle(Object(Illuminate\Http\Request), Object(Closure))
#42 [internal function]: Illuminate\Pipeline\Pipeline->Illuminate\Pipeline\{closure}(Object(Illuminate\Http\Request))
#43 /home/whancock/code/web/demo/vendor/compiled.php(8935): call_user_func(Object(Closure), Object(Illuminate\Http\Request))
#44 /home/whancock/code/web/demo/vendor/compiled.php(1891): Illuminate\Pipeline\Pipeline->then(Object(Closure))
#45 /home/whancock/code/web/demo/vendor/compiled.php(1880): Illuminate\Foundation\Http\Kernel->sendRequestThroughRouter(Object(Illuminate\Http\Request))
#46 /home/whancock/code/web/demo/public/index.php(53): Illuminate\Foundation\Http\Kernel->handle(Object(Illuminate\Http\Request))
#47 {main}  
